0 info it worked if it ends with ok
1 verbose cli [ '/Users/baidu/.nvm/versions/node/v5.0.0/bin/node',
1 verbose cli   '/Users/baidu/.nvm/versions/node/v5.0.0/bin/npm',
1 verbose cli   'publish' ]
2 info using npm@3.3.6
3 info using node@v5.0.0
4 verbose publish [ '.' ]
5 silly cache add args [ '.', null ]
6 verbose cache add spec .
7 silly cache add parsed spec Result {
7 silly cache add   raw: '.',
7 silly cache add   scope: null,
7 silly cache add   name: null,
7 silly cache add   rawSpec: '.',
7 silly cache add   spec: '/Users/baidu/tieba/awesome/lib/common/timeago',
7 silly cache add   type: 'directory' }
8 verbose addLocalDirectory /Users/baidu/.npm/fit-timeago/0.2.62/package.tgz not in flight; packing
9 info lifecycle fit-timeago@0.2.62~prepublish: fit-timeago@0.2.62
10 silly lifecycle fit-timeago@0.2.62~prepublish: no script for prepublish, continuing
11 verbose tar pack [ '/Users/baidu/.npm/fit-timeago/0.2.62/package.tgz',
11 verbose tar pack   '/Users/baidu/tieba/awesome/lib/common/timeago' ]
12 verbose tarball /Users/baidu/.npm/fit-timeago/0.2.62/package.tgz
13 verbose folder /Users/baidu/tieba/awesome/lib/common/timeago
14 verbose addLocalTarball adding from inside cache /Users/baidu/.npm/fit-timeago/0.2.62/package.tgz
15 silly cache afterAdd fit-timeago@0.2.62
16 verbose afterAdd /Users/baidu/.npm/fit-timeago/0.2.62/package/package.json not in flight; writing
17 verbose afterAdd /Users/baidu/.npm/fit-timeago/0.2.62/package/package.json written
18 silly publish { name: 'fit-timeago',
18 silly publish   version: '0.2.62',
18 silly publish   description: 'time-ago',
18 silly publish   main: 'lib/index.js',
18 silly publish   scripts: { test: 'npm test' },
18 silly publish   repository:
18 silly publish    { type: 'git',
18 silly publish      url: 'ssh://g@gitlab.baidu.com:8022/tb-component/pc-timeago.git' },
18 silly publish   keywords: [ 'tieba' ],
18 silly publish   author: { name: 'tieba' },
18 silly publish   license: 'ISC',
18 silly publish   dependencies: { react: '^0.14.7', moment: '^2.11.1' },
18 silly publish   readme: '# 友好时间\n\n---\n\n````jsx\nnpm install fit-timeago\n````',
18 silly publish   readmeFilename: 'readme.md',
18 silly publish   gitHead: '4603dc76a74cb3ad79e8c23ff191f3aaa265276b',
18 silly publish   _id: 'fit-timeago@0.2.62',
18 silly publish   _shasum: '581f7b1ba549b703c34764015c31783f6dbeaa06',
18 silly publish   _from: '.' }
19 verbose getPublishConfig undefined
20 silly mapToRegistry name fit-timeago
21 silly mapToRegistry using default registry
22 silly mapToRegistry registry https://registry.npmjs.org/
23 silly mapToRegistry uri https://registry.npmjs.org/fit-timeago
24 verbose publish registryBase https://registry.npmjs.org/
25 silly publish uploading /Users/baidu/.npm/fit-timeago/0.2.62/package.tgz
26 verbose request uri https://registry.npmjs.org/fit-timeago
27 verbose request sending authorization for write operation
28 info attempt registry request try #1 at 14:45:40
29 verbose request using bearer token for auth
30 verbose request id 474b892aaba5af28
31 http request PUT https://registry.npmjs.org/fit-timeago
32 http 401 https://registry.npmjs.org/fit-timeago
33 verbose headers { 'content-type': 'application/json',
33 verbose headers   'cache-control': 'max-age=300',
33 verbose headers   'content-length': '53',
33 verbose headers   'accept-ranges': 'bytes',
33 verbose headers   date: 'Fri, 25 Mar 2016 06:45:41 GMT',
33 verbose headers   via: '1.1 varnish',
33 verbose headers   connection: 'keep-alive',
33 verbose headers   'x-served-by': 'cache-itm7427-ITM',
33 verbose headers   'x-cache': 'MISS',
33 verbose headers   'x-cache-hits': '0',
33 verbose headers   'x-timer': 'S1458888340.841106,VS0,VE614' }
34 verbose request invalidating /Users/baidu/.npm/registry.npmjs.org/fit-timeago on PUT
35 error publish Failed PUT 401
36 verbose stack Error: You must be logged in to publish packages : fit-timeago
36 verbose stack     at makeError (/Users/baidu/.nvm/versions/node/v5.0.0/lib/node_modules/npm/node_modules/npm-registry-client/lib/request.js:264:12)
36 verbose stack     at CachingRegistryClient.<anonymous> (/Users/baidu/.nvm/versions/node/v5.0.0/lib/node_modules/npm/node_modules/npm-registry-client/lib/request.js:252:14)
36 verbose stack     at Request._callback (/Users/baidu/.nvm/versions/node/v5.0.0/lib/node_modules/npm/node_modules/npm-registry-client/lib/request.js:172:14)
36 verbose stack     at Request.self.callback (/Users/baidu/.nvm/versions/node/v5.0.0/lib/node_modules/npm/node_modules/request/request.js:198:22)
36 verbose stack     at emitTwo (events.js:87:13)
36 verbose stack     at Request.emit (events.js:172:7)
36 verbose stack     at Request.<anonymous> (/Users/baidu/.nvm/versions/node/v5.0.0/lib/node_modules/npm/node_modules/request/request.js:1063:14)
36 verbose stack     at emitOne (events.js:82:20)
36 verbose stack     at Request.emit (events.js:169:7)
36 verbose stack     at IncomingMessage.<anonymous> (/Users/baidu/.nvm/versions/node/v5.0.0/lib/node_modules/npm/node_modules/request/request.js:1009:12)
37 verbose statusCode 401
38 verbose pkgid fit-timeago
39 verbose cwd /Users/baidu/tieba/awesome/lib/common/timeago
40 error Darwin 14.5.0
41 error argv "/Users/baidu/.nvm/versions/node/v5.0.0/bin/node" "/Users/baidu/.nvm/versions/node/v5.0.0/bin/npm" "publish"
42 error node v5.0.0
43 error npm  v3.3.6
44 error code E401
45 error You must be logged in to publish packages : fit-timeago
46 error If you need help, you may report this error at:
46 error     <https://github.com/npm/npm/issues>
47 verbose exit [ 1, true ]
